<?xml version="1.0" encoding="UTF-8"?>
<!-- Generated by org.testng.reporters.JUnitReportReporter -->
<testsuite hostname="DESKTOP-HGCBC6I" failures="0" tests="1" name="autobots.resources.Baseclass" time="5.694" errors="0" timestamp="2024-05-03T12:50:54 IST" skipped="0">
  <testcase classname="autobots.resources.Baseclass" name="getLogin" time="5.694"/>
</testsuite> <!-- autobots.resources.Baseclass -->
