<?xml version="1.0" encoding="UTF-8"?>
<!-- Generated by org.testng.reporters.JUnitReportReporter -->
<testsuite hostname="DESKTOP-HGCBC6I" failures="0" tests="1" name="autobots.buildframework.ValidationsTest" time="6.051" errors="0" timestamp="2024-05-31T12:06:02 IST" skipped="0">
  <testcase classname="autobots.buildframework.ValidationsTest" name="urlValidationTest" time="6.051"/>
</testsuite> <!-- autobots.buildframework.ValidationsTest -->
