<?xml version="1.0" encoding="UTF-8"?>
<!-- Generated by org.testng.reporters.JUnitReportReporter -->
<testsuite hostname="DESKTOP-HGCBC6I" failures="0" tests="8" name="autobots.buildframework.ItemspagevalidationTest" time="64.027" errors="0" timestamp="2024-05-31T12:13:59 IST" skipped="0">
  <testcase classname="autobots.buildframework.ItemspagevalidationTest" name="shoppingBagIconValidationTest" time="6.886"/>
  <testcase classname="autobots.buildframework.ItemspagevalidationTest" name="shoopingBagItemsValidationTest" time="9.269"/>
  <testcase classname="autobots.buildframework.ItemspagevalidationTest" name="addToCartButtonTextValidationTest" time="8.445"/>
  <testcase classname="autobots.buildframework.ItemspagevalidationTest" name="searchIteamAndAddToCartTest" time="8.153"/>
  <testcase classname="autobots.buildframework.ItemspagevalidationTest" name="shoppingBagEmptyTextValidationTest" time="7.412"/>
  <testcase classname="autobots.buildframework.ItemspagevalidationTest" name="searchBarValidationTest" time="8.635"/>
  <testcase classname="autobots.buildframework.ItemspagevalidationTest" name="searchButtonValidationTest" time="7.950"/>
  <testcase classname="autobots.buildframework.ItemspagevalidationTest" name="proceedToCartCheckOutText" time="7.277"/>
</testsuite> <!-- autobots.buildframework.ItemspagevalidationTest -->
