<?xml version="1.0" encoding="UTF-8"?>
<!-- Generated by org.testng.reporters.JUnitReportReporter -->
<testsuite hostname="DESKTOP-HGCBC6I" failures="0" tests="3" name="autobots.buildframework.HomepagevalidationsTest" time="20.657" errors="0" timestamp="2024-05-31T12:06:02 IST" skipped="0">
  <testcase classname="autobots.buildframework.HomepagevalidationsTest" name="logoTextValidationTest" time="5.715"/>
  <testcase classname="autobots.buildframework.HomepagevalidationsTest" name="greenkartButtonTextValidationTest" time="7.445"/>
  <testcase classname="autobots.buildframework.HomepagevalidationsTest" name="navigateGreenkatPage" time="7.497"/>
</testsuite> <!-- autobots.buildframework.HomepagevalidationsTest -->
