<?xml version="1.0" encoding="UTF-8"?>
<!-- Generated by org.testng.reporters.JUnitReportReporter -->
<testsuite hostname="DESKTOP-HGCBC6I" failures="0" tests="1" name="autobots.buildframework.ArraylistSplitCheck" time="15.609" errors="0" timestamp="2024-06-14T12:35:14 IST" skipped="0">
  <testcase classname="autobots.buildframework.ArraylistSplitCheck" name="shoopingBagItemsValidationTest" time="15.609"/>
</testsuite> <!-- autobots.buildframework.ArraylistSplitCheck -->
