<?xml version="1.0" encoding="UTF-8"?>
<!-- Generated by org.testng.reporters.JUnitReportReporter -->
<testsuite hostname="DESKTOP-HGCBC6I" failures="0" tests="2" name="autobots.buildframework.OrderspagevalidationsTest" time="23.803" errors="0" timestamp="2024-05-20T15:53:22 IST" skipped="0">
  <testcase classname="autobots.buildframework.OrderspagevalidationsTest" name="navigateToHomePageTest" time="10.385"/>
  <testcase classname="autobots.buildframework.OrderspagevalidationsTest" name="myOrdersListValidationTest" time="13.418"/>
</testsuite> <!-- autobots.buildframework.OrderspagevalidationsTest -->
