<?xml version="1.0" encoding="UTF-8"?>
<!-- Generated by org.testng.reporters.JUnitReportReporter -->
<testsuite hostname="DESKTOP-HGCBC6I" failures="0" tests="1" name="autobots.datadriven.Exceldatadriven" time="0.711" errors="0" timestamp="2024-05-05T11:35:04 IST" skipped="0">
  <testcase classname="autobots.datadriven.Exceldatadriven" name="dataDriven" time="0.711"/>
</testsuite> <!-- autobots.datadriven.Exceldatadriven -->
