<?xml version="1.0" encoding="UTF-8"?>
<!-- Generated by org.testng.reporters.JUnitReportReporter -->
<testsuite hostname="DESKTOP-HGCBC6I" failures="0" tests="5" name="autobots.buildframework.CheckoutvalidationsTest" time="53.707" errors="0" timestamp="2024-05-20T15:53:22 IST" skipped="0">
  <testcase classname="autobots.buildframework.CheckoutvalidationsTest" name="iteamslistvalidation" time="10.150"/>
  <testcase classname="autobots.buildframework.CheckoutvalidationsTest" name="applyPromoCodeTest" time="9.975"/>
  <testcase classname="autobots.buildframework.CheckoutvalidationsTest" name="navigateToPlaceOrderTest" time="10.791"/>
  <testcase classname="autobots.buildframework.CheckoutvalidationsTest" name="validationOfSuccessMessageText" time="10.898"/>
  <testcase classname="autobots.buildframework.CheckoutvalidationsTest" name="closePopupTest" time="11.893"/>
</testsuite> <!-- autobots.buildframework.CheckoutvalidationsTest -->
